Arguments: 
  /usr/local/Cellar/node/12.12.0/bin/node /Users/aomkhunpanitchot/.yarn/bin/yarn.js publish

PATH: 
  /Users/aomkhunpanitchot/.yarn/bin:/Users/aomkhunpanitchot/.config/yarn/global/node_modules/.bin:/usr/local/bin:/usr/bin:/bin:/usr/sbin:/sbin

Yarn version: 
  1.21.1

Node version: 
  12.12.0

Platform: 
  darwin x64

Trace: 
  Error: https://www.npmjs.com/package/forsteri/-/user/org.couchdb.user:aomkirby123: Too Many Requests
      at Request.params.callback [as _callback] (/Users/aomkhunpanitchot/.yarn/lib/cli.js:66956:18)
      at Request.self.callback (/Users/aomkhunpanitchot/.yarn/lib/cli.js:140665:22)
      at Request.emit (events.js:210:5)
      at Request.<anonymous> (/Users/aomkhunpanitchot/.yarn/lib/cli.js:141637:10)
      at Request.emit (events.js:210:5)
      at IncomingMessage.<anonymous> (/Users/aomkhunpanitchot/.yarn/lib/cli.js:141559:12)
      at Object.onceWrapper (events.js:299:28)
      at IncomingMessage.emit (events.js:215:7)
      at endReadableNT (_stream_readable.js:1183:12)
      at processTicksAndRejections (internal/process/task_queues.js:80:21)

npm manifest: 
  {
      "name": "forsteri",
      "description": "Web component with built-in Virtual DOM in 1KB.",
      "version": "0.0.0",
      "main": "index.js",
      "typings": "dist/index.d.ts",
      "author": {
          "name": "SaltyAom"
      },
      "keywords": [
          "forsteri",
          "web component",
          "virtual dom",
          "dom diff",
          "web component vdom"
      ],
      "repository": "https://github.com/SaltyAom/forsteri",
      "bugs": "https://github.com/SaltyAom/issues",
      "homepage": "https://github.com/SaltyAom/forsteri",
      "publishConfig": {
          "registry": "https://www.npmjs.com/package/forsteri"
      },
      "license": "MIT",
      "scripts": {
          "build": "yarn build:ts && yarn build:compress && yarn build:size",
          "build:ts": "tsc",
          "build:compress": "terser dist/index.js -o dist/index.js --compress --mangle --wrap exports",
          "build:size": "cd dist && ls -lh"
      },
      "devDependencies": {
          "terser": "^4.6.10",
          "typescript": "^3.8.3"
      }
  }

yarn manifest: 
  No manifest

Lockfile: 
  # THIS IS AN AUTOGENERATED FILE. DO NOT EDIT THIS FILE DIRECTLY.
  # yarn lockfile v1
  
  
  buffer-from@^1.0.0:
    version "1.1.1"
    resolved "https://registry.yarnpkg.com/buffer-from/-/buffer-from-1.1.1.tgz#32713bc028f75c02fdb710d7c7bcec1f2c6070ef"
    integrity sha512-MQcXEUbCKtEo7bhqEs6560Hyd4XaovZlO/k9V3hjVUF/zwW7KBVdSK4gIt/bzwS9MbR5qob+F5jusZsb0YQK2A==
  
  commander@^2.20.0:
    version "2.20.3"
    resolved "https://registry.yarnpkg.com/commander/-/commander-2.20.3.tgz#fd485e84c03eb4881c20722ba48035e8531aeb33"
    integrity sha512-GpVkmM8vF2vQUkj2LvZmD35JxeJOLCwJ9cUkugyk2nuhbv3+mJvpLYYt+0+USMxE+oj+ey/lJEnhZw75x/OMcQ==
  
  source-map-support@~0.5.12:
    version "0.5.16"
    resolved "https://registry.yarnpkg.com/source-map-support/-/source-map-support-0.5.16.tgz#0ae069e7fe3ba7538c64c98515e35339eac5a042"
    integrity sha512-efyLRJDr68D9hBBNIPWFjhpFzURh+KJykQwvMyW5UiZzYwoF6l4YMMDIJJEyFWxWCqfyxLzz6tSfUFR+kXXsVQ==
    dependencies:
      buffer-from "^1.0.0"
      source-map "^0.6.0"
  
  source-map@^0.6.0, source-map@~0.6.1:
    version "0.6.1"
    resolved "https://registry.yarnpkg.com/source-map/-/source-map-0.6.1.tgz#74722af32e9614e9c287a8d0bbde48b5e2f1a263"
    integrity sha512-UjgapumWlbMhkBgzT7Ykc5YXUT46F0iKu8SGXq0bcwP5dz/h0Plj6enJqjz1Zbq2l5WaqYnrVbwWOWMyF3F47g==
  
  terser@^4.6.10:
    version "4.6.10"
    resolved "https://registry.yarnpkg.com/terser/-/terser-4.6.10.tgz#90f5bd069ff456ddbc9503b18e52f9c493d3b7c2"
    integrity sha512-qbF/3UOo11Hggsbsqm2hPa6+L4w7bkr+09FNseEe8xrcVD3APGLFqE+Oz1ZKAxjYnFsj80rLOfgAtJ0LNJjtTA==
    dependencies:
      commander "^2.20.0"
      source-map "~0.6.1"
      source-map-support "~0.5.12"
  
  typescript@^3.8.3:
    version "3.8.3"
    resolved "https://registry.yarnpkg.com/typescript/-/typescript-3.8.3.tgz#409eb8544ea0335711205869ec458ab109ee1061"
    integrity sha512-MYlEfn5VrLNsgudQTVJeNaQFUAI7DkhnOjdpAp4T+ku1TfQClewlbSuTVHiA+8skNBgaf02TL/kLOvig4y3G8w==
